Information: Updating design information... (UID-85)
 
****************************************
Report : timing
        -path full
        -delay min
        -max_paths 1
Design : MyDesign
Version: T-2022.03-SP4
Date   : Mon Nov 27 23:30:29 2023
****************************************

Operating Conditions: fast   Library: NangateOpenCellLibrary_PDKv1_2_v2008_10_fast_nldm
Wire Load Model Mode: top

  Startpoint: current_row_reg[12]
              (rising edge-triggered flip-flop clocked by clk)
  Endpoint: current_row_reg[12]
            (rising edge-triggered flip-flop clocked by clk)
  Path Group: clk
  Path Type: min

  Point                                    Incr       Path
  -----------------------------------------------------------
  clock clk (rise edge)                  0.0000     0.0000
  clock network delay (ideal)            0.0000     0.0000
  current_row_reg[12]/CK (DFF_X1)        0.0000     0.0000 r
  current_row_reg[12]/Q (DFF_X1)         0.0639     0.0639 r
  U33190/ZN (OAI21_X1)                   0.0254     0.0893 f
  current_row_reg[12]/D (DFF_X1)         0.0000     0.0893 f
  data arrival time                                 0.0893

  clock clk (rise edge)                  0.0000     0.0000
  clock network delay (ideal)            0.0000     0.0000
  clock uncertainty                      0.0500     0.0500
  current_row_reg[12]/CK (DFF_X1)        0.0000     0.0500 r
  library hold time                      0.0006     0.0506
  data required time                                0.0506
  -----------------------------------------------------------
  data required time                                0.0506
  data arrival time                                -0.0893
  -----------------------------------------------------------
  slack (MET)                                       0.0387


1
